   1               		.file	"Butterfly1.1.c"
   2               	__SREG__ = 0x3f
   3               	__SP_H__ = 0x3e
   4               	__SP_L__ = 0x3d
   5               	__CCP__  = 0x34
   6               	__tmp_reg__ = 0
   7               	__zero_reg__ = 1
   8               		.global __do_copy_data
   9               		.global __do_clear_bss
  11               		.text
  12               	.Ltext0:
  71               	.global	lcd_int
  73               	lcd_int:
   1:H:/Lab1/1.1/Butterfly1.1.c **** /*
   2:H:/Lab1/1.1/Butterfly1.1.c ****  * Butterfly_lab1.1.c
   3:H:/Lab1/1.1/Butterfly1.1.c ****  *
   4:H:/Lab1/1.1/Butterfly1.1.c ****  * Created: 11/11/2012 12:36:42 PM
   5:H:/Lab1/1.1/Butterfly1.1.c ****  *  Author: Sun Gao
   6:H:/Lab1/1.1/Butterfly1.1.c ****  */ 
   7:H:/Lab1/1.1/Butterfly1.1.c **** 
   8:H:/Lab1/1.1/Butterfly1.1.c **** 
   9:H:/Lab1/1.1/Butterfly1.1.c **** #include <avr/io.h>
  10:H:/Lab1/1.1/Butterfly1.1.c **** #include <math.h>
  11:H:/Lab1/1.1/Butterfly1.1.c **** 
  12:H:/Lab1/1.1/Butterfly1.1.c **** static int seg[]={0x1551,0x8110,0x11e1,0x11b1,0x05b0,0x14b1,0x14f1,0x1110,0x15f1,0x15b1};
  13:H:/Lab1/1.1/Butterfly1.1.c **** 
  14:H:/Lab1/1.1/Butterfly1.1.c **** void lcd_int()
  15:H:/Lab1/1.1/Butterfly1.1.c **** {
  74               	me size = 0 */
  76               	.LM1:
  77               		ldi r24,lo8(-128)
  78               		sts 228,r24
  16:H:/Lab1/1.1/Butterfly1.1.c **** 	LCDCRA  = 0x80;
  79               	bn	68,0,17,.LM2-.LFBB1
  80               	.LM2:
  81 0000 80E8      		ldi r24,lo8(-73)
  82 0002 8093 E400 		sts 229,r24
  17:H:/Lab1/1.1/Butterfly1.1.c **** 	LCDCRB  = 0xb7;
  83               	pilogue start */
  85 0006 87EB      	.LM3:
  86 0008 8093 E500 		ret
  18:H:/Lab1/1.1/Butterfly1.1.c **** }
  88               	pe1:
  92               	.global	writeChar
  94               	writeChar:
  96               	.LM4:
  97               	.LFBB2:
  98               	/* prologue: function */
  19:H:/Lab1/1.1/Butterfly1.1.c **** 
  20:H:/Lab1/1.1/Butterfly1.1.c **** void writeChar(char ch,int pos)
  21:H:/Lab1/1.1/Butterfly1.1.c **** {
  99               	ze = 0 */
 100               		mov r30,r24
 102               	.LM5:
 103               		subi r24,lo8(-(-48))
 104 000e E82F      		cpi r24,lo8(10)
  22:H:/Lab1/1.1/Butterfly1.1.c **** 	if(ch>=0x30&&ch<=0x39)
 105               	.+2
 106               		rjmp .L12
 108 0012 8A30      	.LM6:
 109 0014 00F0      		cpi r22,2
 110 0016 00C0      		cpc r23,__zero_reg__
  23:H:/Lab1/1.1/Butterfly1.1.c **** 	{
  24:H:/Lab1/1.1/Butterfly1.1.c **** 		switch(pos)
 111               	.+2
 112               		rjmp .L7
 113 0018 6230      		cpi r22,3
 114 001a 7105      		cpc r23,__zero_reg__
 115 001c 01F4      		brge .L11
 116 001e 00C0      		cp r22,__zero_reg__
 117 0020 6330      		cpc r23,__zero_reg__
 118 0022 7105      		breq .L5
 119 0024 04F4      		cpi r22,1
 120 0026 6115      		cpc r23,__zero_reg__
 121 0028 7105      		breq .+2
 122 002a 01F0      		rjmp .L12
 123 002c 6130      		rjmp .L13
 124 002e 7105      	.L11:
 125 0030 01F0      		cpi r22,4
 126 0032 00C0      		cpc r23,__zero_reg__
 127 0034 00C0      		brne .+2
 128               		rjmp .L9
 129 0036 6430      		cpi r22,4
 130 0038 7105      		cpc r23,__zero_reg__
 131 003a 01F4      		brge .+2
 132 003c 00C0      		rjmp .L8
 133 003e 6430      		cpi r22,5
 134 0040 7105      		cpc r23,__zero_reg__
 135 0042 04F4      		breq .+2
 136 0044 00C0      		rjmp .L12
 137 0046 6530      		rjmp .L14
 138 0048 7105      	.L5:
 140 004c 00C0      	.LM7:
 141 004e 00C0      		lds r24,236
 142               		ldi r31,lo8(0)
  25:H:/Lab1/1.1/Butterfly1.1.c **** 		{
  26:H:/Lab1/1.1/Butterfly1.1.c **** 			case 0:
  27:H:/Lab1/1.1/Butterfly1.1.c **** 			{
  28:H:/Lab1/1.1/Butterfly1.1.c **** 				LCDDR0 = (LCDDR0 & 0xf0) | ((seg[ch-0x30]>>12)&0x000f);
 143               	-(seg-96))
 144               		sbci r31,hi8(-(seg-96))
 145 0050 8091 EC00 		ld r18,Z
 146 0054 F0E0      		ldd r19,Z+1
 147 0056 EE0F      		mov r25,r19
 148 0058 FF1F      		swap r25
 149 005a E050      		andi r25,lo8(15)
 150 005c F040      		andi r24,lo8(-16)
 151 005e 2081      		or r24,r25
 152 0060 3181      		sts 236,r24
 154 0064 9295      	.LM8:
 155 0066 9F70      		lds r20,241
 156 0068 807F      		mov r24,r19
 157 006a 892B      		clr r25
 158 006c 8093 EC00 		sbrc r24,7
  29:H:/Lab1/1.1/Butterfly1.1.c **** 				LCDDR5 = (LCDDR5 & 0xf0) | ((seg[ch-0x30]>>8)&0x000f);
 159               	24,lo8(15)
 160               		andi r20,lo8(-16)
 161 0070 4091 F100 		or r24,r20
 162 0074 832F      		sts 241,r24
 164 0078 87FD      	.LM9:
 165 007a 9A95      		lds r20,246
 166 007c 8F70      		movw r24,r18
 167 007e 407F      		ldi r30,4
 168 0080 842B      	1:	asr r25
 169 0082 8093 F100 		ror r24
  30:H:/Lab1/1.1/Butterfly1.1.c **** 				LCDDR10 = (LCDDR10 & 0xf0) | ((seg[ch-0x30]>>4)&0x000f);
 170               	rne 1b
 171               		andi r24,lo8(15)
 172 0086 4091 F600 		andi r20,lo8(-16)
 173 008a C901      		or r24,r20
 174 008c E4E0      		sts 246,r24
 176 0090 8795      	.LM10:
 177 0092 EA95      		lds r24,251
 178 0094 01F4      		andi r18,lo8(15)
 179 0096 8F70      		andi r24,lo8(-16)
 180 0098 407F      		or r18,r24
 181 009a 842B      		sts 251,r18
 182 009c 8093 F600 		ret
  31:H:/Lab1/1.1/Butterfly1.1.c **** 				LCDDR15 = (LCDDR15 & 0xf0) | (seg[ch-0x30]&0x000f);
 183               		68,0,36,.LM11-.LFBB2
 184               	.LM11:
 185 00a0 8091 FB00 		lds r18,236
 186 00a4 2F70      		ldi r31,lo8(0)
 187 00a6 807F      		lsl r30
 188 00a8 282B      		rol r31
 189 00aa 2093 FB00 		subi r30,lo8(-(seg-96))
 190 00ae 0895      		sbci r31,hi8(-(seg-96))
 191               		ld r20,Z
  32:H:/Lab1/1.1/Butterfly1.1.c **** 				break;
  33:H:/Lab1/1.1/Butterfly1.1.c **** 			}
  34:H:/Lab1/1.1/Butterfly1.1.c **** 			case 1:
  35:H:/Lab1/1.1/Butterfly1.1.c **** 			{
  36:H:/Lab1/1.1/Butterfly1.1.c **** 				LCDDR0 = (LCDDR0 & 0x0f) | ((seg[ch-0x30]>>8)&0x00f0);
 192               	Z+1
 193               		mov r24,r21
 194 00b0 2091 EC00 		clr r25
 195 00b4 F0E0      		sbrc r24,7
 196 00b6 EE0F      		dec r25
 197 00b8 FF1F      		andi r24,lo8(-16)
 198 00ba E050      		andi r18,lo8(15)
 199 00bc F040      		or r24,r18
 200 00be 4081      		sts 236,r24
 202 00c2 852F      	.LM12:
 203 00c4 9927      		lds r18,241
 204 00c6 87FD      		movw r24,r20
 205 00c8 9A95      		ldi r19,4
 206 00ca 807F      	1:	asr r25
 207 00cc 2F70      		ror r24
 208 00ce 822B      		dec r19
 209 00d0 8093 EC00 		brne 1b
  37:H:/Lab1/1.1/Butterfly1.1.c **** 				LCDDR5 = (LCDDR5 & 0x0f) | ((seg[ch-0x30]>>4)&0x00f0);
 210               	
 211               		andi r18,lo8(15)
 212 00d4 2091 F100 		or r24,r18
 213 00d8 CA01      		sts 241,r24
 215 00dc 9595      	.LM13:
 216 00de 8795      		lds r24,246
 217 00e0 3A95      		mov r25,r20
 218 00e2 01F4      		andi r25,lo8(-16)
 219 00e4 807F      		andi r24,lo8(15)
 220 00e6 2F70      		or r25,r24
 221 00e8 822B      		sts 246,r25
  38:H:/Lab1/1.1/Butterfly1.1.c **** 				LCDDR10 = (LCDDR10 & 0x0f) | ((seg[ch-0x30])&0x00f0);
 223               	r24,251
 224               		ldi r27,4
 225 00ee 8091 F600 	1:	lsl r20
 226 00f2 942F      		rol r21
 227 00f4 907F      		dec r27
 228 00f6 8F70      		brne 1b
 229 00f8 982B      		andi r24,lo8(15)
 230 00fa 9093 F600 		or r24,r20
  39:H:/Lab1/1.1/Butterfly1.1.c **** 				LCDDR15 = (LCDDR15 & 0x0f) | ((seg[ch-0x30]<<4)&0x00f0);
 231               	,r24
 232               		ret
 233 00fe 8091 FB00 	.L7:
 235 0104 440F      	.LM15:
 236 0106 551F      		lds r24,237
 237 0108 BA95      		ldi r31,lo8(0)
 238 010a 01F4      		lsl r30
 239 010c 8F70      		rol r31
 240 010e 842B      		subi r30,lo8(-(seg-96))
 241 0110 8093 FB00 		sbci r31,hi8(-(seg-96))
 242 0114 0895      		ld r18,Z
 243               		ldd r19,Z+1
  40:H:/Lab1/1.1/Butterfly1.1.c **** 				break;
  41:H:/Lab1/1.1/Butterfly1.1.c **** 			}
  42:H:/Lab1/1.1/Butterfly1.1.c **** 			case 2:
  43:H:/Lab1/1.1/Butterfly1.1.c **** 			{
  44:H:/Lab1/1.1/Butterfly1.1.c **** 				LCDDR1 = (LCDDR1 & 0xf0) | ((seg[ch-0x30]>>12)&0x000f);
 244               		swap r25
 245               		andi r25,lo8(15)
 246 0116 8091 ED00 		andi r24,lo8(-16)
 247 011a F0E0      		or r24,r25
 248 011c EE0F      		sts 237,r24
 250 0120 E050      	.LM16:
 251 0122 F040      		lds r20,242
 252 0124 2081      		mov r24,r19
 253 0126 3181      		clr r25
 254 0128 932F      		sbrc r24,7
 255 012a 9295      		dec r25
 256 012c 9F70      		andi r24,lo8(15)
 257 012e 807F      		andi r20,lo8(-16)
 258 0130 892B      		or r24,r20
 259 0132 8093 ED00 		sts 242,r24
  45:H:/Lab1/1.1/Butterfly1.1.c **** 				LCDDR6 = (LCDDR6 & 0xf0) | ((seg[ch-0x30]>>8)&0x000f);
 260               	.LM17-.LFBB2
 261               	.LM17:
 262 0136 4091 F200 		lds r20,247
 263 013a 832F      		movw r24,r18
 264 013c 9927      		ldi r30,4
 265 013e 87FD      	1:	asr r25
 266 0140 9A95      		ror r24
 267 0142 8F70      		dec r30
 268 0144 407F      		brne 1b
 269 0146 842B      		andi r24,lo8(15)
 270 0148 8093 F200 		andi r20,lo8(-16)
  46:H:/Lab1/1.1/Butterfly1.1.c **** 				LCDDR11 = (LCDDR11 & 0xf0) | ((seg[ch-0x30]>>4)&0x000f);
 271               	
 272               		sts 247,r24
 274 0150 C901      	.LM18:
 275 0152 E4E0      		lds r24,252
 276 0154 9595      		andi r18,lo8(15)
 277 0156 8795      		andi r24,lo8(-16)
 278 0158 EA95      		or r18,r24
 279 015a 01F4      		sts 252,r18
 280 015c 8F70      		ret
 281 015e 407F      	.L8:
 283 0162 8093 F700 	.LM19:
  47:H:/Lab1/1.1/Butterfly1.1.c **** 				LCDDR16 = (LCDDR16 & 0xf0) | (seg[ch-0x30]&0x000f);
 284               	
 285               		ldi r31,lo8(0)
 286 0166 8091 FC00 		lsl r30
 287 016a 2F70      		rol r31
 288 016c 807F      		subi r30,lo8(-(seg-96))
 289 016e 282B      		sbci r31,hi8(-(seg-96))
 290 0170 2093 FC00 		ld r20,Z
 291 0174 0895      		ldd r21,Z+1
 292               		mov r24,r21
  48:H:/Lab1/1.1/Butterfly1.1.c **** 				break;
  49:H:/Lab1/1.1/Butterfly1.1.c **** 			}
  50:H:/Lab1/1.1/Butterfly1.1.c **** 			case 3:
  51:H:/Lab1/1.1/Butterfly1.1.c **** 			{
  52:H:/Lab1/1.1/Butterfly1.1.c **** 				LCDDR1 = (LCDDR1 & 0x0f) | ((seg[ch-0x30]>>8)&0x00f0);
 293               	
 294               		sbrc r24,7
 295 0176 2091 ED00 		dec r25
 296 017a F0E0      		andi r24,lo8(-16)
 297 017c EE0F      		andi r18,lo8(15)
 298 017e FF1F      		or r24,r18
 299 0180 E050      		sts 237,r24
 301 0184 4081      	.LM20:
 302 0186 5181      		lds r18,242
 303 0188 852F      		movw r24,r20
 304 018a 9927      		ldi r19,4
 305 018c 87FD      	1:	asr r25
 306 018e 9A95      		ror r24
 307 0190 807F      		dec r19
 308 0192 2F70      		brne 1b
 309 0194 822B      		andi r24,lo8(-16)
 310 0196 8093 ED00 		andi r18,lo8(15)
  53:H:/Lab1/1.1/Butterfly1.1.c **** 				LCDDR6 = (LCDDR6 & 0x0f) | ((seg[ch-0x30]>>4)&0x00f0);
 311               	242,r24
 313 019a 2091 F200 	.LM21:
 314 019e CA01      		lds r24,247
 315 01a0 34E0      		mov r25,r20
 316 01a2 9595      		andi r25,lo8(-16)
 317 01a4 8795      		andi r24,lo8(15)
 318 01a6 3A95      		or r25,r24
 319 01a8 01F4      		sts 247,r25
 321 01ac 2F70      	.LM22:
 322 01ae 822B      		lds r24,252
 323 01b0 8093 F200 		ldi r27,4
  54:H:/Lab1/1.1/Butterfly1.1.c **** 				LCDDR11 = (LCDDR11 & 0x0f) | ((seg[ch-0x30])&0x00f0);
 324               	ol r21
 325               		dec r27
 326 01b4 8091 F700 		brne 1b
 327 01b8 942F      		andi r24,lo8(15)
 328 01ba 907F      		or r24,r20
 329 01bc 8F70      		sts 252,r24
 330 01be 982B      		ret
 331 01c0 9093 F700 	.L9:
  55:H:/Lab1/1.1/Butterfly1.1.c **** 				LCDDR16 = (LCDDR16 & 0x0f) | ((seg[ch-0x30]<<4)&0x00f0);
 332               	68,0,60,.LM23-.LFBB2
 333               	.LM23:
 334 01c4 8091 FC00 		lds r24,238
 335 01c8 B4E0      		ldi r31,lo8(0)
 336 01ca 440F      		lsl r30
 337 01cc 551F      		rol r31
 338 01ce BA95      		subi r30,lo8(-(seg-96))
 339 01d0 01F4      		sbci r31,hi8(-(seg-96))
 340 01d2 8F70      		ld r18,Z
 341 01d4 842B      		ldd r19,Z+1
 342 01d6 8093 FC00 		mov r25,r19
 343 01da 0895      		swap r25
 344               		andi r25,lo8(15)
  56:H:/Lab1/1.1/Butterfly1.1.c **** 				break;
  57:H:/Lab1/1.1/Butterfly1.1.c **** 			}
  58:H:/Lab1/1.1/Butterfly1.1.c **** 			case 4:
  59:H:/Lab1/1.1/Butterfly1.1.c **** 			{
  60:H:/Lab1/1.1/Butterfly1.1.c **** 				LCDDR2 = (LCDDR2 & 0xf0) | ((seg[ch-0x30]>>12)&0x000f);
 345               	(-16)
 346               		or r24,r25
 347 01dc 8091 EE00 		sts 238,r24
 349 01e2 EE0F      	.LM24:
 350 01e4 FF1F      		lds r20,243
 351 01e6 E050      		mov r24,r19
 352 01e8 F040      		clr r25
 353 01ea 2081      		sbrc r24,7
 354 01ec 3181      		dec r25
 355 01ee 932F      		andi r24,lo8(15)
 356 01f0 9295      		andi r20,lo8(-16)
 357 01f2 9F70      		or r24,r20
 358 01f4 807F      		sts 243,r24
 360 01f8 8093 EE00 	.LM25:
  61:H:/Lab1/1.1/Butterfly1.1.c **** 				LCDDR7 = (LCDDR7 & 0xf0) | ((seg[ch-0x30]>>8)&0x000f);
 361               	vw r24,r18
 362               		ldi r30,4
 363 01fc 4091 F300 	1:	asr r25
 364 0200 832F      		ror r24
 365 0202 9927      		dec r30
 366 0204 87FD      		brne 1b
 367 0206 9A95      		andi r24,lo8(15)
 368 0208 8F70      		andi r20,lo8(-16)
 369 020a 407F      		or r24,r20
 370 020c 842B      		sts 248,r24
  62:H:/Lab1/1.1/Butterfly1.1.c **** 				LCDDR12 = (LCDDR12 & 0xf0) | ((seg[ch-0x30]>>4)&0x000f);
 372               	 r24,253
 373               		andi r18,lo8(15)
 374 0212 4091 F800 		andi r24,lo8(-16)
 375 0216 C901      		or r18,r24
 376 0218 E4E0      		sts 253,r18
 377 021a 9595      		ret
 378 021c 8795      	.L14:
 380 0220 01F4      	.LM27:
 381 0222 8F70      		lds r18,238
 382 0224 407F      		ldi r31,lo8(0)
 383 0226 842B      		lsl r30
 384 0228 8093 F800 		rol r31
  63:H:/Lab1/1.1/Butterfly1.1.c **** 				LCDDR17 = (LCDDR17 & 0xf0) | (seg[ch-0x30]&0x000f);
 385               	(-(seg-96))
 386               		sbci r31,hi8(-(seg-96))
 387 022c 8091 FD00 		ld r20,Z
 388 0230 2F70      		ldd r21,Z+1
 389 0232 807F      		mov r24,r21
 390 0234 282B      		clr r25
 391 0236 2093 FD00 		sbrc r24,7
 392 023a 0895      		dec r25
 393               		andi r24,lo8(-16)
  64:H:/Lab1/1.1/Butterfly1.1.c **** 				break;
  65:H:/Lab1/1.1/Butterfly1.1.c **** 			}
  66:H:/Lab1/1.1/Butterfly1.1.c **** 			case 5:
  67:H:/Lab1/1.1/Butterfly1.1.c **** 			{
  68:H:/Lab1/1.1/Butterfly1.1.c **** 				LCDDR2 = (LCDDR2 & 0x0f) | ((seg[ch-0x30]>>8)&0x00f0);
 394               	,lo8(15)
 395               		or r24,r18
 396 023c 2091 EE00 		sts 238,r24
 398 0242 EE0F      	.LM28:
 399 0244 FF1F      		lds r18,243
 400 0246 E050      		movw r24,r20
 401 0248 F040      		ldi r19,4
 402 024a 4081      	1:	asr r25
 403 024c 5181      		ror r24
 404 024e 852F      		dec r19
 405 0250 9927      		brne 1b
 406 0252 87FD      		andi r24,lo8(-16)
 407 0254 9A95      		andi r18,lo8(15)
 408 0256 807F      		or r24,r18
 409 0258 2F70      		sts 243,r24
 411 025c 8093 EE00 	.LM29:
  69:H:/Lab1/1.1/Butterfly1.1.c **** 				LCDDR7 = (LCDDR7 & 0x0f) | ((seg[ch-0x30]>>4)&0x00f0);
 412               	r25,r20
 413               		andi r25,lo8(-16)
 414 0260 2091 F300 		andi r24,lo8(15)
 415 0264 CA01      		or r25,r24
 416 0266 34E0      		sts 248,r25
 418 026a 8795      	.LM30:
 419 026c 3A95      		lds r24,253
 420 026e 01F4      		ldi r25,4
 421 0270 807F      	1:	lsl r20
 422 0272 2F70      		rol r21
 423 0274 822B      		dec r25
 424 0276 8093 F300 		brne 1b
  70:H:/Lab1/1.1/Butterfly1.1.c **** 				LCDDR12 = (LCDDR12 & 0x0f) | ((seg[ch-0x30])&0x00f0);
 425               	(15)
 426               		or r24,r20
 427 027a 8091 F800 		sts 253,r24
 428 027e 942F      	.L12:
 429 0280 907F      		ret
 431 0284 982B      	.Lscope2:
  71:H:/Lab1/1.1/Butterfly1.1.c **** 				LCDDR17 = (LCDDR17 & 0x0f) | ((seg[ch-0x30]<<4)&0x00f0);
 433               	writeLong
 435 028a 8091 FD00 	writeLong:
 437 0290 440F      	.LM31:
 438 0292 551F      	.LFBB3:
 439 0294 9A95      		push r8
 440 0296 01F4      		push r9
 441 0298 8F70      		push r10
 442 029a 842B      		push r11
 443 029c 8093 FD00 		push r12
 444               		push r13
 445 02a0 0895      		push r14
 446               		push r15
 447               		push r16
 448               		push r17
 449               		push r29
 450               		push r28
 451               		in r28,__SP_L__
  72:H:/Lab1/1.1/Butterfly1.1.c **** 				break;
  73:H:/Lab1/1.1/Butterfly1.1.c **** 			}
  74:H:/Lab1/1.1/Butterfly1.1.c **** 			default:;
  75:H:/Lab1/1.1/Butterfly1.1.c **** 		}
  76:H:/Lab1/1.1/Butterfly1.1.c **** 	}	
  77:H:/Lab1/1.1/Butterfly1.1.c **** }
  78:H:/Lab1/1.1/Butterfly1.1.c **** 
  79:H:/Lab1/1.1/Butterfly1.1.c **** 
  80:H:/Lab1/1.1/Butterfly1.1.c **** 
  81:H:/Lab1/1.1/Butterfly1.1.c **** void writeLong(long i)
  82:H:/Lab1/1.1/Butterfly1.1.c **** {
 452               	biw r28,8
 453               		in __tmp_reg__,__SREG__
 454               		cli
 455 02a2 8F92      		out __SP_H__,r29
 456 02a4 9F92      		out __SREG__,__tmp_reg__
 457 02a6 AF92      		out __SP_L__,r28
 458 02a8 BF92      	/* prologue: function */
 459 02aa CF92      	/* frame size = 8 */
 460 02ac DF92      		movw r10,r22
 461 02ae EF92      		movw r12,r24
 463 02b2 0F93      	.LM32:
 464 02b4 1F93      		movw r24,r22
 465 02b6 DF93      		movw r26,r12
 466 02b8 CF93      		movw r22,r24
 467 02ba CDB7      		movw r24,r26
 468 02bc DEB7      		ldi r17,lo8(1)
 469 02be 2897      		rjmp .L16
 470 02c0 0FB6      	.L17:
 472 02c4 DEBF      	.LM33:
 473 02c6 0FBE      		subi r17,lo8(-(1))
 474 02c8 CDBF      	.L16:
 475               		ldi r18,lo8(10)
 476               		ldi r19,hi8(10)
 477 02ca 5B01      		ldi r20,hlo8(10)
 478 02cc 6C01      		ldi r21,hhi8(10)
 479               		call __divmodsi4
 480               		movw r24,r18
 481 02ce CB01      		movw r26,r20
 482 02d0 D601      		movw r22,r24
 483 02d2 BC01      		movw r24,r26
 484 02d4 CD01      		cp r22,__zero_reg__
 485 02d6 11E0      		cpc r23,__zero_reg__
 486 02d8 00C0      		cpc r24,__zero_reg__
 487               		cpc r25,__zero_reg__
  83:H:/Lab1/1.1/Butterfly1.1.c **** 	unsigned char a[6],j=5,n=1,k;
  84:H:/Lab1/1.1/Butterfly1.1.c **** 	long temp=i;
  85:H:/Lab1/1.1/Butterfly1.1.c **** 	while(temp/=10) n++;
 488               	BB3
 489               	.LM34:
 490 02da 1F5F      		cpi r17,lo8(7)
 491               		brlo .L18
 492 02dc 2AE0      		ldi r17,lo8(6)
 493 02de 30E0      	.L18:
 494 02e0 40E0      		mov r14,r17
 495 02e2 50E0      		ldi r27,lo8(5)
 496 02e4 0E94 0000 		mov r15,r27
 498 02ea DA01      	.LM35:
 499 02ec BC01      		movw r8,r28
 500 02ee CD01      		sec
 501 02f0 6115      		adc r8,__zero_reg__
 502 02f2 7105      		adc r9,__zero_reg__
 503 02f4 8105      		rjmp .L19
 504 02f6 9105      	.L20:
 505 02f8 01F4      		movw r24,r8
  86:H:/Lab1/1.1/Butterfly1.1.c **** 	if(n>6) n=6;
 506               	r25,__zero_reg__
 507               		std Y+8,r25
 508 02fa 1730      		std Y+7,r24
 509 02fc 00F0      		movw r22,r10
 510 02fe 16E0      		movw r24,r12
 511               		ldi r18,lo8(10)
 512 0300 E12E      		ldi r19,hi8(10)
 513 0302 B5E0      		ldi r20,hlo8(10)
 514 0304 FB2E      		ldi r21,hhi8(10)
  87:H:/Lab1/1.1/Butterfly1.1.c **** 	k=n;
  88:H:/Lab1/1.1/Butterfly1.1.c **** 	while(k--)
  89:H:/Lab1/1.1/Butterfly1.1.c **** 	{
  90:H:/Lab1/1.1/Butterfly1.1.c **** 		a[j]=i%10;
 515               	ivmodsi4
 516               		ldd r30,Y+7
 517 0306 4E01      		ldd r31,Y+8
 518 0308 0894      		st Z,r22
 520 030c 911C      	.LM36:
 521 030e 00C0      		movw r22,r10
 522               		movw r24,r12
 523 0310 C401      		ldi r18,lo8(10)
 524 0312 8F0D      		ldi r19,hi8(10)
 525 0314 911D      		ldi r20,hlo8(10)
 526 0316 9887      		ldi r21,hhi8(10)
 527 0318 8F83      		call __divmodsi4
 528 031a B501      		movw r10,r18
 529 031c C601      		movw r12,r20
 531 0320 30E0      	.LM37:
 532 0322 40E0      		dec r15
 533 0324 50E0      		dec r14
 534 0326 0E94 0000 	.L19:
 536 032c F885      	.LM38:
 537 032e 6083      		tst r14
  91:H:/Lab1/1.1/Butterfly1.1.c **** 		i/=10;
 538               	(5)
 540 0330 B501      	.LM39:
 541 0332 C601      		movw r14,r28
 542 0334 2AE0      		sec
 543 0336 30E0      		adc r14,__zero_reg__
 544 0338 40E0      		adc r15,__zero_reg__
 545 033a 50E0      		rjmp .L21
 546 033c 0E94 0000 	.L22:
 547 0340 5901      		mov r22,r16
 548 0342 6A01      		ldi r23,lo8(0)
  92:H:/Lab1/1.1/Butterfly1.1.c **** 		j--;
 549               	14
 550               		add r30,r22
 551 0344 FA94      		adc r31,r23
 552 0346 EA94      		ld r24,Z
 553               		subi r24,lo8(-(48))
 554               		call writeChar
 556 0348 EE20      	.LM40:
 557 034a 01F4      		subi r16,lo8(-(-1))
 558 034c 05E0      		subi r17,lo8(-(-1))
  93:H:/Lab1/1.1/Butterfly1.1.c **** 	}
  94:H:/Lab1/1.1/Butterfly1.1.c **** 	j=5;
  95:H:/Lab1/1.1/Butterfly1.1.c **** 	while(n--)
  96:H:/Lab1/1.1/Butterfly1.1.c **** 	{
  97:H:/Lab1/1.1/Butterfly1.1.c **** 		writeChar(a[j]+0x30,j);
 559               	abn	68,0,95,.LM41-.LFBB3
 560               	.LM41:
 561 034e 7E01      		tst r17
 562 0350 0894      		brne .L22
 563 0352 E11C      	/* epilogue start */
 565 0356 00C0      	.LM42:
 566               		adiw r28,8
 567 0358 602F      		in __tmp_reg__,__SREG__
 568 035a 70E0      		cli
 569 035c F701      		out __SP_H__,r29
 570 035e E60F      		out __SREG__,__tmp_reg__
 571 0360 F71F      		out __SP_L__,r28
 572 0362 8081      		pop r28
 573 0364 805D      		pop r29
 574 0366 0E94 0000 		pop r17
  98:H:/Lab1/1.1/Butterfly1.1.c **** 		j--;
 575               	5
 576               		pop r14
 577 036a 0150      		pop r13
 578 036c 1150      		pop r12
 579               		pop r11
 580               		pop r10
 581               		pop r9
 582 036e 1123      		pop r8
 583 0370 01F4      		ret
  99:H:/Lab1/1.1/Butterfly1.1.c **** 	}
 100:H:/Lab1/1.1/Butterfly1.1.c **** }
 585               	 r28,8
 586               		in __tmp_reg__,__SREG__
 587 0372 2896      		cli
 588 0374 0FB6      		out __SP_H__,r29
 589 0376 F894      		out __SREG__,__tmp_reg__
 590 0378 DEBF      		out __SP_L__,r28
 591 037a 0FBE      		pop r28
 592 037c CDBF      		pop r29
 593 037e CF91      		pop r17
 594 0380 DF91      		pop r16
 595 0382 1F91      		pop r15
 596 0384 0F91      		pop r14
 597 0386 FF90      		pop r13
 598 0388 EF90      		pop r12
 599 038a DF90      		pop r11
 600 038c CF90      		pop r10
 601 038e BF90      		pop r9
 602 0390 AF90      		pop r8
 603 0392 9F90      		ret
 611               	.Lscope3:
 614               	.global	is_prime
 616               	is_prime:
 618               	.LM43:
 101:H:/Lab1/1.1/Butterfly1.1.c **** 
 102:H:/Lab1/1.1/Butterfly1.1.c **** int is_prime(long i)
 103:H:/Lab1/1.1/Butterfly1.1.c **** {
 619               	
 620               		push r9
 621               		push r10
 622 0398 6F92      		push r11
 623 039a 7F92      		push r12
 624 039c 8F92      		push r13
 625 039e 9F92      		push r14
 626 03a0 AF92      		push r15
 627 03a2 BF92      		push r16
 628 03a4 CF92      		push r17
 629 03a6 DF92      	/* prologue: function */
 630 03a8 EF92      	/* frame size = 0 */
 631 03aa FF92      		movw r10,r22
 632 03ac 0F93      		movw r12,r24
 634               	.LM44:
 635               		ldi r24,lo8(2)
 636 03b0 5B01      		cp r10,r24
 637 03b2 6C01      		cpc r11,__zero_reg__
 104:H:/Lab1/1.1/Butterfly1.1.c **** 	long n;
 105:H:/Lab1/1.1/Butterfly1.1.c **** 	long sqrt_value;
 106:H:/Lab1/1.1/Butterfly1.1.c **** 	if(i==0||i==1) return 0;
 638               	13
 639               		push r14
 640 03b4 82E0      		push r15
 641 03b6 A816      		push r16
 642 03b8 B104      		push r17
 643 03ba C104      	/* prologue: function */
 644 03bc D104      	/* frame size = 0 */
 645 03be 00F0      		movw r10,r22
 107:H:/Lab1/1.1/Butterfly1.1.c **** 	else if (i==2) return 1;
 646               	0,103,.LM43-.LFBB4
 647               	.LM43:
 648 03c0 82E0      	.LFBB4:
 649 03c2 A816      		push r6
 650 03c4 B104      		push r7
 651 03c6 C104      		push r8
 652 03c8 D104      		push r9
 653 03ca 01F0      		push r10
 108:H:/Lab1/1.1/Butterfly1.1.c **** 	else
 109:H:/Lab1/1.1/Butterfly1.1.c **** 	{
 110:H:/Lab1/1.1/Butterfly1.1.c **** 		sqrt_value=sqrt(i)+1;
 654               	e3:
 657 03ce B501      	.global	is_prime
 659 03d4 0E94 0000 	is_prime:
 661 03da 30E0      	.LM43:
 662 03dc 40E8      	.LFBB4:
 663 03de 5FE3      		push r6
 664 03e0 0E94 0000 		push r7
 665 03e4 0E94 0000 		push r8
 666 03e8 3B01      		push r9
 667 03ea 4C01      		push r10
 668 03ec 12E0      		push r11
 669 03ee E12E      		push r12
 670 03f0 F12C      		push r13
 671 03f2 012D      		push r14
 672 03f4 112D      		push r15
 673 03f6 00C0      		push r16
 674               		push r17
 111:H:/Lab1/1.1/Butterfly1.1.c **** 		for(n=2;n<sqrt_value;n++)
 112:H:/Lab1/1.1/Butterfly1.1.c **** 		{
 113:H:/Lab1/1.1/Butterfly1.1.c **** 			if(i%n==0) return 0;
 675               	lobal	is_prime
 677 03f8 C601      	is_prime:
 679 03fc A801      	.LM43:
 680 03fe 9701      	.LFBB4:
 681 0400 0E94 0000 		push r6
 682 0404 6115      		push r7
 683 0406 7105      		push r8
 684 0408 8105      		push r9
 685 040a 9105      		push r10
 686 040c 01F0      		push r11
 687               		push r12
 688               		push r13
 689 040e 0894      		push r14
 690 0410 E11C      		push r15
 691 0412 F11C      		push r16
 692 0414 011D      		push r17
 693 0416 111D      	/* prologue: function */
 694               	/* frame size = 0 */
 695 0418 E614      		movw r10,r22
 696 041a F704      		movw r12,r24
 698 041e 1905      	.LM44:
 699 0420 04F0      		ldi r24,lo8(2)
 700 0422 00C0      		cp r10,r24
 701               		cpc r11,__zero_reg__
 702 0424 20E0      		cpc r12,__zero_reg__
 703 0426 30E0      		cpc r13,__zero_reg__
 704 0428 00C0      		brlo .L25
 706 042a 21E0      	.LM45:
 707 042c 30E0      		ldi r24,lo8(2)
 708               		cp r10,r24
 114:H:/Lab1/1.1/Butterfly1.1.c **** 		}
 115:H:/Lab1/1.1/Butterfly1.1.c **** 		return 1;
 116:H:/Lab1/1.1/Butterfly1.1.c **** 	}
 117:H:/Lab1/1.1/Butterfly1.1.c **** 	
 118:H:/Lab1/1.1/Butterfly1.1.c **** }
 709               	,0,106,.LM44-.LFBB4
 710               	.LM44:
 711 042e C901      		ldi r24,lo8(2)
 712               		cp r10,r24
 713 0430 1F91      		cpc r11,__zero_reg__
 714 0432 0F91      		cpc r12,__zero_reg__
 715 0434 FF90      		cpc r13,__zero_reg__
 716 0436 EF90      		brlo .L25
 718 043a CF90      	.LM45:
 719 043c BF90      		ldi r24,lo8(2)
 720 043e AF90      		cp r10,r24
 721 0440 9F90      		cpc r11,__zero_reg__
 722 0442 8F90      		cpc r12,__zero_reg__
 723 0444 7F90      		cpc r13,__zero_reg__
 724 0446 6F90      		breq .L26
 726               	.LM46:
 727               		movw r24,r12
 728               		movw r22,r10
 729               		call __floatsisf
 730               		call sqrt
 731               		ldi r18,lo8(0x3f800000)
 732               		ldi r19,hi8(0x3f800000)
 733               		ldi r20,hlo8(0x3f800000)
 734               		ldi r21,hhi8(0x3f800000)
 735               		call __addsf3
 119:H:/Lab1/1.1/Butterfly1.1.c **** 
 120:H:/Lab1/1.1/Butterfly1.1.c **** 
 121:H:/Lab1/1.1/Butterfly1.1.c **** void primes()
 122:H:/Lab1/1.1/Butterfly1.1.c **** {
 736               	
 737               	.LM46:
 738               		movw r24,r12
 739 044a AF92      		movw r22,r10
 740 044c BF92      		call __floatsisf
 741 044e CF92      		call sqrt
 742 0450 DF92      		ldi r18,lo8(0x3f800000)
 743 0452 EF92      		ldi r19,hi8(0x3f800000)
 744 0454 FF92      		ldi r20,hlo8(0x3f800000)
 745 0456 0F93      		ldi r21,hhi8(0x3f800000)
 746 0458 1F93      		call __addsf3
 747               		call __fixsfsi
 748               		movw r6,r22
 749               		movw r8,r24
 750               		ldi r17,lo8(2)
 751 045a 01E0      		mov r14,r17
 752 045c E02E      		mov r15,__zero_reg__
 753 045e F12C      		mov r16,__zero_reg__
 754 0460 012D      		mov r17,__zero_reg__
 755 0462 112D      		rjmp .L27
 756 0464 00C0      	.L28:
 758 0466 0894      	.LM47:
 759 0468 E11C      		movw r24,r12
 760 046a F11C      		movw r22,r10
 761 046c 011D      		movw r20,r16
 762 046e 111D      		movw r18,r14
 763               		call __divmodsi4
 764 0470 5701      		cp r22,__zero_reg__
 765 0472 6801      		cpc r23,__zero_reg__
 766 0474 0894      		cpc r24,__zero_reg__
 767 0476 A108      		cpc r25,__zero_reg__
 768 0478 B108      		breq .L25
 770 047c D108      	.LM48:
 123:H:/Lab1/1.1/Butterfly1.1.c **** 	long i=0;
 124:H:/Lab1/1.1/Butterfly1.1.c **** 	while(1)
 125:H:/Lab1/1.1/Butterfly1.1.c **** 	{
 126:H:/Lab1/1.1/Butterfly1.1.c **** 		while(!(is_prime(i))) i++;
 771               	,r14
 772               		call __divmodsi4
 773 047e C601      		cp r22,__zero_reg__
 774 0480 B501      		cpc r23,__zero_reg__
 775 0482 0E94 0000 		cpc r24,__zero_reg__
 776 0486 892B      		cpc r25,__zero_reg__
 777 0488 01F0      		breq .L25
 127:H:/Lab1/1.1/Butterfly1.1.c **** 		writeLong(i);
 778               	2
 779               		movw r22,r10
 780 048a C601      		movw r20,r16
 781 048c B501      		movw r18,r14
 782 048e 0E94 0000 		call __divmodsi4
 783 0492 00C0      		cp r22,__zero_reg__
 784               		cpc r23,__zero_reg__
 785               		cpc r24,__zero_reg__
 786               		cpc r25,__zero_reg__
 787               		breq .L25
 789               	.LM48:
 790               		sec
 791               		adc r14,__zero_reg__
 792               		adc r15,__zero_reg__
 128:H:/Lab1/1.1/Butterfly1.1.c **** 		i++;
 129:H:/Lab1/1.1/Butterfly1.1.c **** 	}
 130:H:/Lab1/1.1/Butterfly1.1.c **** }
 131:H:/Lab1/1.1/Butterfly1.1.c **** 
 132:H:/Lab1/1.1/Butterfly1.1.c **** 
 133:H:/Lab1/1.1/Butterfly1.1.c **** int main(void)
 134:H:/Lab1/1.1/Butterfly1.1.c **** {
 793               	,__zero_reg__
 794               		cpc r24,__zero_reg__
 795               		cpc r25,__zero_reg__
 796               		breq .L25
 135:H:/Lab1/1.1/Butterfly1.1.c ****     long i=0;
 136:H:/Lab1/1.1/Butterfly1.1.c **** 	CLKPR=0x80;
 798               	movw r18,r14
 799               		call __divmodsi4
 800 0494 E1E6      		cp r22,__zero_reg__
 801 0496 F0E0      		cpc r23,__zero_reg__
 802 0498 80E8      		cpc r24,__zero_reg__
 803 049a 8083      		cpc r25,__zero_reg__
 137:H:/Lab1/1.1/Butterfly1.1.c **** 	CLKPR=0x00;
 804               		movw r24,r12
 805               		movw r22,r10
 806 049c 1082      		movw r20,r16
 807               		movw r18,r14
 808               		call __divmodsi4
 809               		cp r22,__zero_reg__
 810               		cpc r23,__zero_reg__
 811 049e 8093 E400 		cpc r24,__zero_reg__
 812               		cpc r25,__zero_reg__
 813               		breq .L25
 815 04a4 8093 E500 	.LM48:
 816               		sec
 817               		adc r14,__zero_reg__
 138:H:/Lab1/1.1/Butterfly1.1.c **** 	lcd_int();
 139:H:/Lab1/1.1/Butterfly1.1.c **** 	primes();
 818               	2,__zero_reg__
 819               		cpc r23,__zero_reg__
 820 04a8 0E94 0000 		cpc r24,__zero_reg__
 140:H:/Lab1/1.1/Butterfly1.1.c **** }...
 821               	13,.LM47-.LFBB4
 822               	.LM47:
 823 04ac 80E0      		movw r24,r12
 824 04ae 90E0      		movw r22,r10
 825               		movw r20,r16
 826 04b0 0895      		movw r18,r14
 827               		call __divmodsi4
 828               		cp r22,__zero_reg__
 829               		cpc r23,__zero_reg__
 830               		cpc r24,__zero_reg__
 831               		cpc r25,__zero_reg__
 832               		breq .L25
 834 0002 1081      	.LM48:
 835 0004 E111      		sec
 836 0006 B111      		adc r14,__zero_reg__
 837 0008 B005      		adc r15,__zero_reg__
 838 000a B114      		adc r16,__zero_reg__
 839 000c F114      		adc r17,__zero_reg__
 840 000e 1011      	.L27:
 841 0010 F115      		cp r14,r6
 842 0012 B115      		cpc r15,r7
 843               		cpc r16,r8
 844               		cpc r17,r9
 845               		brlt .L28
 846               		rjmp .L26
DEFINED SYMBOLS
                            *ABS*:00000000 Butterfly1.1.c
C:\DOCUME~1\sungao12\LOCALS~1\Temp/cchZsphQ.s:2      *ABS*:0000003f __SREG__
C:\DOCUME~1\sungao12\LOCALS~1\Temp/cchZsphQ.s:3      *ABS*:0000003e __SP_H__
C:\DOCUME~1\sungao12\LOCALS~1\Temp/cchZsphQ.s:4      *ABS*:0000003d __SP_L__
C:\DOCUME~1\sungao12\LOCALS~1\Temp/cchZsphQ.s:5      *ABS*:00000034 __CCP__
C:\DOCUME~1\sungao12\LOCALS~1\Temp/cchZsphQ.s:6      *ABS*:00000000 __tmp_reg__
C:\DOCUME~1\sungao12\LOCALS~1\Temp/cchZsphQ.s:7      *ABS*:00000001 __zero_reg__
C:\DOCUME~1\sungao12\LOCALS~1\Temp/cchZsphQ.s:73     .text:00000000 lcd_int
C:\DOCUME~1\sungao12\LOCALS~1\Temp/cchZsphQ.s:98     .text:0000000e writeChar
C:\DOCUME~1\sungao12\LOCALS~1\Temp/cchZsphQ.s:832    .data:00000000 seg
C:\DOCUME~1\sungao12\LOCALS~1\Temp/cchZsphQ.s:451    .text:000002a2 writeLong
C:\DOCUME~1\sungao12\LOCALS~1\Temp/cchZsphQ.s:618    .text:00000398 is_prime
C:\DOCUME~1\sungao12\LOCALS~1\Temp/cchZsphQ.s:735    .text:0000044a primes
C:\DOCUME~1\sungao12\LOCALS~1\Temp/cchZsphQ.s:792    .text:00000494 main

UNDEFINED SYMBOLS
__do_copy_data
__do_clear_bss
__divmodsi4
__floatsisf
sqrt
__addsf3
__fixsfsi
